[2020-12-20 00:22:31] merlin-logger.DEBUG: The welcome step has been displayed [] []
[2020-12-20 00:22:36] merlin-logger.DEBUG: The child theme installation step has been displayed [] []
[2020-12-20 00:22:38] merlin-logger.DEBUG: The child theme style.css content was generated [] []
[2020-12-20 00:22:38] merlin-logger.DEBUG: The child theme functions.php content was generated [] []
[2020-12-20 00:22:38] merlin-logger.DEBUG: The child theme screenshot was copied to the child theme, with the following result {"copied":true} []
[2020-12-20 00:22:38] merlin-logger.DEBUG: The newly generated child theme was activated [] []
[2020-12-20 00:22:44] merlin-logger.DEBUG: The plugin installation step has been displayed [] []
[2020-12-20 00:23:04] merlin-logger.DEBUG: A plugin with the following data will be processed {"plugin_slug":"advanced-custom-fields","message":"Installing"} []
[2020-12-20 00:23:13] merlin-logger.DEBUG: A plugin with the following data will be processed {"plugin_slug":"advanced-custom-fields","message":"Activating"} []
[2020-12-20 00:23:14] merlin-logger.DEBUG: A plugin with the following data was processed {"plugin_slug":"advanced-custom-fields"} []
[2020-12-20 00:23:15] merlin-logger.DEBUG: A plugin with the following data will be processed {"plugin_slug":"neuron-core-bifrost","message":"Installing"} []
[2020-12-20 00:23:27] merlin-logger.DEBUG: A plugin with the following data will be processed {"plugin_slug":"neuron-core-bifrost","message":"Activating"} []
[2020-12-20 00:23:28] merlin-logger.DEBUG: A plugin with the following data was processed {"plugin_slug":"neuron-core-bifrost"} []
[2020-12-20 00:23:29] merlin-logger.DEBUG: A plugin with the following data will be processed {"plugin_slug":"contact-form-7","message":"Installing"} []
[2020-12-20 00:23:37] merlin-logger.DEBUG: A plugin with the following data will be processed {"plugin_slug":"contact-form-7","message":"Activating"} []
[2020-12-20 00:23:38] merlin-logger.DEBUG: A plugin with the following data was processed {"plugin_slug":"contact-form-7"} []
[2020-12-20 00:23:39] merlin-logger.DEBUG: A plugin with the following data will be processed {"plugin_slug":"one-click-demo-import","message":"Installing"} []
[2020-12-20 00:23:42] merlin-logger.DEBUG: A plugin with the following data will be processed {"plugin_slug":"one-click-demo-import","message":"Activating"} []
[2020-12-20 00:23:44] merlin-logger.DEBUG: A plugin with the following data was processed {"plugin_slug":"one-click-demo-import"} []
[2020-12-20 00:23:44] merlin-logger.DEBUG: A plugin with the following data will be processed {"plugin_slug":"revslider","message":"Installing"} []
[2020-12-20 00:24:08] merlin-logger.DEBUG: A plugin with the following data will be processed {"plugin_slug":"revslider","message":"Activating"} []
[2020-12-20 00:24:16] merlin-logger.DEBUG: A plugin with the following data was processed {"plugin_slug":"revslider"} []
[2020-12-20 00:24:17] merlin-logger.DEBUG: A plugin with the following data will be processed {"plugin_slug":"wpforms-lite","message":"Installing"} []
[2020-12-20 00:25:13] merlin-logger.DEBUG: A plugin with the following data will be processed {"plugin_slug":"wpforms-lite","message":"Installing"} []
[2020-12-20 00:25:17] merlin-logger.DEBUG: The final step has been displayed [] []
[2020-12-20 00:31:21] merlin-logger.DEBUG: The Hello world post status was set to draft [] []
[2020-12-20 01:38:32] merlin-logger.DEBUG: The Hello world post status was set to draft [] []
[2020-12-20 01:53:24] merlin-logger.DEBUG: The Hello world post status was set to draft [] []
